<?xml version="1.0" encoding="UTF-8"?>
<testng-results ignored="0" total="1" passed="1" failed="0" skipped="0">
  <reporter-output>
  </reporter-output>
  <suite started-at="2024-03-15T12:51:44 IST" name="Default suite" finished-at="2024-03-15T12:51:50 IST" duration-ms="6276">
    <groups>
    </groups>
    <test started-at="2024-03-15T12:51:44 IST" name="Default test" finished-at="2024-03-15T12:51:50 IST" duration-ms="6276">
      <class name="basic.OrganizationsTest">
        <test-method signature="createOrganizationsTest()[pri:0, instance:basic.OrganizationsTest@59af0466]" started-at="2024-03-15T12:51:44 IST" name="createOrganizationsTest" finished-at="2024-03-15T12:51:50 IST" duration-ms="6247" status="PASS">
          <reporter-output>
          </reporter-output>
        </test-method> <!-- createOrganizationsTest -->
      </class> <!-- basic.OrganizationsTest -->
    </test> <!-- Default test -->
  </suite> <!-- Default suite -->
</testng-results>
